<?xml version="1.0" encoding="UTF-8"?>
<!-- Generated by org.testng.reporters.JUnitReportReporter -->
<testsuite skipped="0" hostname="DESKTOP-E405C4O" name="tests.LoginTestWithPF" tests="2" failures="0" timestamp="2023-10-04T08:06:47 IST" time="3.665" errors="0">
  <testcase name="testLogo" time="1.153" classname="tests.LoginTestWithPF"/>
  <system-out/>
  <testcase name="testLogin" time="2.512" classname="tests.LoginTestWithPF"/>
  <system-out/>
</testsuite> <!-- tests.LoginTestWithPF -->
